[debug] [2025-03-12T19:16:31.962Z] ----------------------------------------------------------------------
[debug] [2025-03-12T19:16:31.967Z] Command:       /usr/bin/node /usr/local/bin/firebase emulators:start --only functions
[debug] [2025-03-12T19:16:31.969Z] CLI Version:   13.33.0
[debug] [2025-03-12T19:16:31.969Z] Platform:      linux
[debug] [2025-03-12T19:16:31.970Z] Node Version:  v18.19.1
[debug] [2025-03-12T19:16:31.970Z] Time:          Wed Mar 12 2025 20:16:31 GMT+0100 (hora estándar de Europa central)
[debug] [2025-03-12T19:16:31.971Z] ----------------------------------------------------------------------
[debug] 
[debug] [2025-03-12T19:16:32.426Z] > command requires scopes: ["email","openid","https://www.googleapis.com/auth/cloudplatformprojects.readonly","https://www.googleapis.com/auth/firebase","https://www.googleapis.com/auth/cloud-platform"]
[debug] [2025-03-12T19:16:32.427Z] > authorizing via signed-in user (daixiangchen71@gmail.com)
[info] i  emulators: Starting emulators: functions {"metadata":{"emulator":{"name":"hub"},"message":"Starting emulators: functions"}}
[debug] [2025-03-12T19:16:32.448Z] [logging] Logging Emulator only supports listening on one address (127.0.0.1). Not listening on ::1
[debug] [2025-03-12T19:16:32.449Z] assigned listening specs for emulators {"user":{"hub":[{"address":"127.0.0.1","family":"IPv4","port":4400},{"address":"::1","family":"IPv6","port":4400}],"ui":[{"address":"127.0.0.1","family":"IPv4","port":4000},{"address":"::1","family":"IPv6","port":4000}],"logging":[{"address":"127.0.0.1","family":"IPv4","port":4500}]},"metadata":{"message":"assigned listening specs for emulators"}}
[debug] [2025-03-12T19:16:32.461Z] [hub] writing locator at /tmp/hub-voltpilot-410ae.json
[debug] [2025-03-12T19:16:32.492Z] [functions] Functions Emulator only supports listening on one address (127.0.0.1). Not listening on ::1
[debug] [2025-03-12T19:16:32.493Z] [eventarc] Eventarc Emulator only supports listening on one address (127.0.0.1). Not listening on ::1
[debug] [2025-03-12T19:16:32.493Z] [tasks] Cloud Tasks Emulator only supports listening on one address (127.0.0.1). Not listening on ::1
[debug] [2025-03-12T19:16:32.493Z] late-assigned ports for functions and eventarc emulators {"user":{"hub":[{"address":"127.0.0.1","family":"IPv4","port":4400},{"address":"::1","family":"IPv6","port":4400}],"ui":[{"address":"127.0.0.1","family":"IPv4","port":4000},{"address":"::1","family":"IPv6","port":4000}],"logging":[{"address":"127.0.0.1","family":"IPv4","port":4500}],"functions":[{"address":"127.0.0.1","family":"IPv4","port":5001}],"eventarc":[{"address":"127.0.0.1","family":"IPv4","port":9299}],"tasks":[{"address":"127.0.0.1","family":"IPv4","port":9499}]},"metadata":{"message":"late-assigned ports for functions and eventarc emulators"}}
[warn] ⚠  functions: The following emulators are not running, calls to these services from the Functions emulator will affect production: apphosting, auth, firestore, database, hosting, pubsub, storage, dataconnect {"metadata":{"emulator":{"name":"functions"},"message":"The following emulators are not running, calls to these services from the Functions emulator will affect production: \u001b[1mapphosting, auth, firestore, database, hosting, pubsub, storage, dataconnect\u001b[22m"}}
[debug] [2025-03-12T19:16:32.496Z] defaultcredentials: writing to file /home/daixiang/.config/firebase/daixiangchen71_gmail_com_application_default_credentials.json
[debug] [2025-03-12T19:16:32.498Z] Setting GAC to /home/daixiang/.config/firebase/daixiangchen71_gmail_com_application_default_credentials.json {"metadata":{"emulator":{"name":"functions"},"message":"Setting GAC to /home/daixiang/.config/firebase/daixiangchen71_gmail_com_application_default_credentials.json"}}
[debug] [2025-03-12T19:16:32.500Z] Checked if tokens are valid: false, expires at: 1741731241395
[debug] [2025-03-12T19:16:32.501Z] Checked if tokens are valid: false, expires at: 1741731241395
[debug] [2025-03-12T19:16:32.501Z] > refreshing access token with scopes: []
[debug] [2025-03-12T19:16:32.504Z] >>> [apiv2][query] POST https://www.googleapis.com/oauth2/v3/token [none]
[debug] [2025-03-12T19:16:32.504Z] >>> [apiv2][body] POST https://www.googleapis.com/oauth2/v3/token [omitted]
[debug] [2025-03-12T19:16:32.665Z] <<< [apiv2][status] POST https://www.googleapis.com/oauth2/v3/token 200
[debug] [2025-03-12T19:16:32.666Z] <<< [apiv2][body] POST https://www.googleapis.com/oauth2/v3/token [omitted]
[debug] [2025-03-12T19:16:32.679Z] >>> [apiv2][query] GET https://firebase.googleapis.com/v1beta1/projects/voltpilot-410ae/adminSdkConfig [none]
[debug] [2025-03-12T19:16:32.945Z] <<< [apiv2][status] GET https://firebase.googleapis.com/v1beta1/projects/voltpilot-410ae/adminSdkConfig 200
[debug] [2025-03-12T19:16:32.946Z] <<< [apiv2][body] GET https://firebase.googleapis.com/v1beta1/projects/voltpilot-410ae/adminSdkConfig {"projectId":"voltpilot-410ae","storageBucket":"voltpilot-410ae.firebasestorage.app"}
[info] i  functions: Watching "/home/daixiang/tfg/voltpilot/functions" for Cloud Functions... {"metadata":{"emulator":{"name":"functions"},"message":"Watching \"/home/daixiang/tfg/voltpilot/functions\" for Cloud Functions..."}}
[debug] [2025-03-12T19:16:33.001Z] Validating nodejs source
[debug] [2025-03-12T19:16:34.511Z] > [functions] package.json contents: {
  "name": "functions",
  "description": "Cloud Functions for Firebase",
  "scripts": {
    "serve": "firebase emulators:start --only functions",
    "shell": "firebase functions:shell",
    "start": "npm run shell",
    "deploy": "firebase deploy --only functions",
    "logs": "firebase functions:log"
  },
  "engines": {
    "node": "22"
  },
  "main": "index.js",
  "dependencies": {
    "cors": "^2.8.5",
    "express": "^4.21.2",
    "firebase-admin": "^12.6.0",
    "firebase-functions": "^6.0.1"
  },
  "devDependencies": {
    "firebase-functions-test": "^3.1.0"
  },
  "private": true,
  "type": "module"
}
[debug] [2025-03-12T19:16:34.512Z] Building nodejs source
[debug] [2025-03-12T19:16:34.513Z] Failed to find version of module node: reached end of search path /home/daixiang/tfg/voltpilot/functions/node_modules
[warn] ⚠  functions: Your requested "node" version "22" doesn't match your global version "18". Using node@18 from host. 
[debug] [2025-03-12T19:16:34.519Z] Could not find functions.yaml. Must use http discovery
[debug] [2025-03-12T19:16:34.529Z] Found firebase-functions binary at '/home/daixiang/tfg/voltpilot/functions/node_modules/.bin/firebase-functions'
[info] Serving at port 8992

[debug] [2025-03-12T19:16:35.746Z] Got response from /__/functions.yaml {"endpoints":{"api":{"availableMemoryMb":null,"timeoutSeconds":null,"minInstances":null,"maxInstances":null,"ingressSettings":null,"concurrency":null,"serviceAccountEmail":null,"vpc":null,"platform":"gcfv2","labels":{},"httpsTrigger":{},"entryPoint":"api"}},"specVersion":"v1alpha1","requiredAPIs":[],"extensions":{}}
[info] ✔  functions: Loaded functions definitions from source: api. {"metadata":{"emulator":{"name":"functions"},"message":"Loaded functions definitions from source: api."}}
[info] ✔  functions[us-central1-api]: http function initialized (http://127.0.0.1:5001/voltpilot-410ae/us-central1/api). {"metadata":{"emulator":{"name":"functions"},"message":"\u001b[1mhttp\u001b[22m function initialized (http://127.0.0.1:5001/voltpilot-410ae/us-central1/api)."}}
[debug] [2025-03-12T19:16:35.818Z] Could not find VSCode notification endpoint: FetchError: request to http://localhost:40001/vscode/notify failed, reason: connect ECONNREFUSED 127.0.0.1:40001. If you are not running the Firebase Data Connect VSCode extension, this is expected and not an issue.
[info] 
┌─────────────────────────────────────────────────────────────┐
│ ✔  All emulators ready! It is now safe to connect your app. │
│ i  View Emulator UI at http://127.0.0.1:4000/               │
└─────────────────────────────────────────────────────────────┘

┌───────────┬────────────────┬─────────────────────────────────┐
│ Emulator  │ Host:Port      │ View in Emulator UI             │
├───────────┼────────────────┼─────────────────────────────────┤
│ Functions │ 127.0.0.1:5001 │ http://127.0.0.1:4000/functions │
└───────────┴────────────────┴─────────────────────────────────┘
  Emulator Hub host: 127.0.0.1 port: 4400
  Other reserved ports: 4500

Issues? Report them at https://github.com/firebase/firebase-tools/issues and attach the *-debug.log files.
 
[debug] [2025-03-12T19:19:36.840Z] [work-queue] {"queuedWork":["/voltpilot-410ae/us-central1/api/getChargers-2025-03-12T19:19:36.839Z"],"queueLength":1,"runningWork":[],"workRunningCount":0}
[debug] [2025-03-12T19:19:36.840Z] [work-queue] {"queuedWork":[],"queueLength":0,"runningWork":["/voltpilot-410ae/us-central1/api/getChargers-2025-03-12T19:19:36.839Z"],"workRunningCount":1}
[debug] [2025-03-12T19:19:36.841Z] Accepted request POST /voltpilot-410ae/us-central1/api/getChargers --> us-central1-api
[debug] [2025-03-12T19:19:36.841Z] [functions] Runtime ready! Sending request! {"metadata":{"emulator":{"name":"functions"},"message":"[functions] Runtime ready! Sending request!"}}
[debug] [2025-03-12T19:19:36.842Z] [functions] Got req.url=/voltpilot-410ae/us-central1/api/getChargers, mapping to path=/getChargers {"metadata":{"emulator":{"name":"functions"},"message":"[functions] Got req.url=/voltpilot-410ae/us-central1/api/getChargers, mapping to path=/getChargers"}}
[debug] [2025-03-12T19:19:36.860Z] [worker-pool] addWorker(us-central1-api) {"metadata":{"emulator":{"name":"functions"},"message":"[worker-pool] addWorker(us-central1-api)"}}
[debug] [2025-03-12T19:19:36.862Z] [worker-pool] Adding worker with key us-central1-api, total=1 {"metadata":{"emulator":{"name":"functions"},"message":"[worker-pool] Adding worker with key us-central1-api, total=1"}}
[debug] [2025-03-12T19:19:39.128Z] [runtime-status] [19909] Resolved module firebase-admin {"declared":true,"installed":true,"version":"12.7.0","resolution":"/home/daixiang/tfg/voltpilot/functions/node_modules/firebase-admin/lib/index.js"} {"metadata":{"emulator":{"name":"functions"},"function":{"name":"us-central1-api"},"extension":{},"message":"[runtime-status] [19909] Resolved module firebase-admin {\"declared\":true,\"installed\":true,\"version\":\"12.7.0\",\"resolution\":\"/home/daixiang/tfg/voltpilot/functions/node_modules/firebase-admin/lib/index.js\"}"}}
[debug] [2025-03-12T19:19:39.129Z] [runtime-status] [19909] Resolved module firebase-functions {"declared":true,"installed":true,"version":"6.3.2","resolution":"/home/daixiang/tfg/voltpilot/functions/node_modules/firebase-functions/lib/v2/index.js"} {"metadata":{"emulator":{"name":"functions"},"function":{"name":"us-central1-api"},"extension":{},"message":"[runtime-status] [19909] Resolved module firebase-functions {\"declared\":true,\"installed\":true,\"version\":\"6.3.2\",\"resolution\":\"/home/daixiang/tfg/voltpilot/functions/node_modules/firebase-functions/lib/v2/index.js\"}"}}
[debug] [2025-03-12T19:19:39.130Z] [runtime-status] [19909] Outgoing network have been stubbed. [{"name":"http","status":"mocked"},{"name":"http","status":"mocked"},{"name":"https","status":"mocked"},{"name":"https","status":"mocked"},{"name":"net","status":"mocked"}] {"metadata":{"emulator":{"name":"functions"},"function":{"name":"us-central1-api"},"extension":{},"message":"[runtime-status] [19909] Outgoing network have been stubbed. [{\"name\":\"http\",\"status\":\"mocked\"},{\"name\":\"http\",\"status\":\"mocked\"},{\"name\":\"https\",\"status\":\"mocked\"},{\"name\":\"https\",\"status\":\"mocked\"},{\"name\":\"net\",\"status\":\"mocked\"}]"}}
[debug] [2025-03-12T19:19:39.131Z] [runtime-status] [19909] Resolved module firebase-functions {"declared":true,"installed":true,"version":"6.3.2","resolution":"/home/daixiang/tfg/voltpilot/functions/node_modules/firebase-functions/lib/v2/index.js"} {"metadata":{"emulator":{"name":"functions"},"function":{"name":"us-central1-api"},"extension":{},"message":"[runtime-status] [19909] Resolved module firebase-functions {\"declared\":true,\"installed\":true,\"version\":\"6.3.2\",\"resolution\":\"/home/daixiang/tfg/voltpilot/functions/node_modules/firebase-functions/lib/v2/index.js\"}"}}
[debug] [2025-03-12T19:19:39.540Z] [runtime-status] [19909] Checked functions.config() {"config":{}} {"metadata":{"emulator":{"name":"functions"},"function":{"name":"us-central1-api"},"extension":{},"message":"[runtime-status] [19909] Checked functions.config() {\"config\":{}}"}}
[debug] [2025-03-12T19:19:39.541Z] [runtime-status] [19909] firebase-functions has been stubbed. {"functionsResolution":{"declared":true,"installed":true,"version":"6.3.2","resolution":"/home/daixiang/tfg/voltpilot/functions/node_modules/firebase-functions/lib/v2/index.js"}} {"metadata":{"emulator":{"name":"functions"},"function":{"name":"us-central1-api"},"extension":{},"message":"[runtime-status] [19909] firebase-functions has been stubbed. {\"functionsResolution\":{\"declared\":true,\"installed\":true,\"version\":\"6.3.2\",\"resolution\":\"/home/daixiang/tfg/voltpilot/functions/node_modules/firebase-functions/lib/v2/index.js\"}}"}}
[debug] [2025-03-12T19:19:39.542Z] [runtime-status] [19909] Resolved module firebase-functions {"declared":true,"installed":true,"version":"6.3.2","resolution":"/home/daixiang/tfg/voltpilot/functions/node_modules/firebase-functions/lib/v2/index.js"} {"metadata":{"emulator":{"name":"functions"},"function":{"name":"us-central1-api"},"extension":{},"message":"[runtime-status] [19909] Resolved module firebase-functions {\"declared\":true,\"installed\":true,\"version\":\"6.3.2\",\"resolution\":\"/home/daixiang/tfg/voltpilot/functions/node_modules/firebase-functions/lib/v2/index.js\"}"}}
[debug] [2025-03-12T19:19:39.548Z] [runtime-status] [19909] Resolved module firebase-admin {"declared":true,"installed":true,"version":"12.7.0","resolution":"/home/daixiang/tfg/voltpilot/functions/node_modules/firebase-admin/lib/index.js"} {"metadata":{"emulator":{"name":"functions"},"function":{"name":"us-central1-api"},"extension":{},"message":"[runtime-status] [19909] Resolved module firebase-admin {\"declared\":true,\"installed\":true,\"version\":\"12.7.0\",\"resolution\":\"/home/daixiang/tfg/voltpilot/functions/node_modules/firebase-admin/lib/index.js\"}"}}
[debug] [2025-03-12T19:19:39.551Z] [runtime-status] [19909] Resolved module firebase-functions {"declared":true,"installed":true,"version":"6.3.2","resolution":"/home/daixiang/tfg/voltpilot/functions/node_modules/firebase-functions/lib/v2/index.js"} {"metadata":{"emulator":{"name":"functions"},"function":{"name":"us-central1-api"},"extension":{},"message":"[runtime-status] [19909] Resolved module firebase-functions {\"declared\":true,\"installed\":true,\"version\":\"6.3.2\",\"resolution\":\"/home/daixiang/tfg/voltpilot/functions/node_modules/firebase-functions/lib/v2/index.js\"}"}}
[debug] [2025-03-12T19:19:39.552Z] [runtime-status] [19909] firebase-admin has been stubbed. {"adminResolution":{"declared":true,"installed":true,"version":"12.7.0","resolution":"/home/daixiang/tfg/voltpilot/functions/node_modules/firebase-admin/lib/index.js"}} {"metadata":{"emulator":{"name":"functions"},"function":{"name":"us-central1-api"},"extension":{},"message":"[runtime-status] [19909] firebase-admin has been stubbed. {\"adminResolution\":{\"declared\":true,\"installed\":true,\"version\":\"12.7.0\",\"resolution\":\"/home/daixiang/tfg/voltpilot/functions/node_modules/firebase-admin/lib/index.js\"}}"}}
[debug] [2025-03-12T19:19:39.762Z] [runtime-status] [19909] Functions runtime initialized. {"cwd":"/home/daixiang/tfg/voltpilot/functions","node_version":"18.19.1"} {"metadata":{"emulator":{"name":"functions"},"function":{"name":"us-central1-api"},"extension":{},"message":"[runtime-status] [19909] Functions runtime initialized. {\"cwd\":\"/home/daixiang/tfg/voltpilot/functions\",\"node_version\":\"18.19.1\"}"}}
[debug] [2025-03-12T19:19:39.763Z] [runtime-status] [19909] Listening to port: /tmp/fire_emu_68bb26c6faa48fdd.sock {"metadata":{"emulator":{"name":"functions"},"function":{"name":"us-central1-api"},"extension":{},"message":"[runtime-status] [19909] Listening to port: /tmp/fire_emu_68bb26c6faa48fdd.sock"}}
[debug] [2025-03-12T19:19:39.823Z] [worker-us-central1-api-890daabc-ddb9-4fac-a56a-ea646049d41b]: IDLE {"metadata":{"emulator":{"name":"functions"},"function":{"name":"us-central1-api"},"extension":{},"message":"[worker-us-central1-api-890daabc-ddb9-4fac-a56a-ea646049d41b]: IDLE"}}
[debug] [2025-03-12T19:19:39.824Z] [worker-pool] submitRequest(triggerId=us-central1-api) {"metadata":{"emulator":{"name":"functions"},"message":"[worker-pool] submitRequest(triggerId=us-central1-api)"}}
[info] i  functions: Beginning execution of "us-central1-api" {"metadata":{"emulator":{"name":"functions"},"function":{"name":"us-central1-api"},"extension":{},"message":"Beginning execution of \"us-central1-api\""}}
[debug] [2025-03-12T19:19:39.825Z] [worker-us-central1-api-890daabc-ddb9-4fac-a56a-ea646049d41b]: BUSY {"metadata":{"emulator":{"name":"functions"},"function":{"name":"us-central1-api"},"extension":{},"message":"[worker-us-central1-api-890daabc-ddb9-4fac-a56a-ea646049d41b]: BUSY"}}
[debug] [2025-03-12T19:19:40.495Z] Finishing up request with event=pause {"metadata":{"emulator":{"name":"functions"},"function":{"name":"us-central1-api"},"extension":{},"message":"Finishing up request with event=pause"}}
[info] i  functions: Finished "us-central1-api" in 671.064037ms {"metadata":{"emulator":{"name":"functions"},"function":{"name":"us-central1-api"},"extension":{},"message":"Finished \"us-central1-api\" in 671.064037ms"}}
[debug] [2025-03-12T19:19:40.496Z] [worker-us-central1-api-890daabc-ddb9-4fac-a56a-ea646049d41b]: IDLE {"metadata":{"emulator":{"name":"functions"},"function":{"name":"us-central1-api"},"extension":{},"message":"[worker-us-central1-api-890daabc-ddb9-4fac-a56a-ea646049d41b]: IDLE"}}
[debug] [2025-03-12T19:19:40.496Z] Finishing up request with event=finish {"metadata":{"emulator":{"name":"functions"},"function":{"name":"us-central1-api"},"extension":{},"message":"Finishing up request with event=finish"}}
[debug] [2025-03-12T19:19:40.497Z] Finishing up request with event=close {"metadata":{"emulator":{"name":"functions"},"function":{"name":"us-central1-api"},"extension":{},"message":"Finishing up request with event=close"}}
[debug] [2025-03-12T19:19:40.497Z] [work-queue] {"queuedWork":[],"queueLength":0,"runningWork":[],"workRunningCount":0}
[debug] [2025-03-12T19:26:56.096Z] [work-queue] {"queuedWork":["/voltpilot-410ae/us-central1/api/getChargers-2025-03-12T19:26:56.096Z"],"queueLength":1,"runningWork":[],"workRunningCount":0}
[debug] [2025-03-12T19:26:56.096Z] [work-queue] {"queuedWork":[],"queueLength":0,"runningWork":["/voltpilot-410ae/us-central1/api/getChargers-2025-03-12T19:26:56.096Z"],"workRunningCount":1}
[debug] [2025-03-12T19:26:56.096Z] Accepted request POST /voltpilot-410ae/us-central1/api/getChargers --> us-central1-api
[debug] [2025-03-12T19:26:56.097Z] [functions] Runtime ready! Sending request! {"metadata":{"emulator":{"name":"functions"},"message":"[functions] Runtime ready! Sending request!"}}
[debug] [2025-03-12T19:26:56.097Z] [functions] Got req.url=/voltpilot-410ae/us-central1/api/getChargers, mapping to path=/getChargers {"metadata":{"emulator":{"name":"functions"},"message":"[functions] Got req.url=/voltpilot-410ae/us-central1/api/getChargers, mapping to path=/getChargers"}}
[debug] [2025-03-12T19:26:56.097Z] [worker-pool] submitRequest(triggerId=us-central1-api) {"metadata":{"emulator":{"name":"functions"},"message":"[worker-pool] submitRequest(triggerId=us-central1-api)"}}
[info] i  functions: Beginning execution of "us-central1-api" {"metadata":{"emulator":{"name":"functions"},"function":{"name":"us-central1-api"},"extension":{},"message":"Beginning execution of \"us-central1-api\""}}
[debug] [2025-03-12T19:26:56.098Z] [worker-us-central1-api-890daabc-ddb9-4fac-a56a-ea646049d41b]: BUSY {"metadata":{"emulator":{"name":"functions"},"function":{"name":"us-central1-api"},"extension":{},"message":"[worker-us-central1-api-890daabc-ddb9-4fac-a56a-ea646049d41b]: BUSY"}}
[debug] [2025-03-12T19:26:56.570Z] Finishing up request with event=pause {"metadata":{"emulator":{"name":"functions"},"function":{"name":"us-central1-api"},"extension":{},"message":"Finishing up request with event=pause"}}
[info] i  functions: Finished "us-central1-api" in 472.677014ms {"metadata":{"emulator":{"name":"functions"},"function":{"name":"us-central1-api"},"extension":{},"message":"Finished \"us-central1-api\" in 472.677014ms"}}
[debug] [2025-03-12T19:26:56.571Z] [worker-us-central1-api-890daabc-ddb9-4fac-a56a-ea646049d41b]: IDLE {"metadata":{"emulator":{"name":"functions"},"function":{"name":"us-central1-api"},"extension":{},"message":"[worker-us-central1-api-890daabc-ddb9-4fac-a56a-ea646049d41b]: IDLE"}}
[debug] [2025-03-12T19:26:56.571Z] Finishing up request with event=finish {"metadata":{"emulator":{"name":"functions"},"function":{"name":"us-central1-api"},"extension":{},"message":"Finishing up request with event=finish"}}
[debug] [2025-03-12T19:26:56.572Z] Finishing up request with event=close {"metadata":{"emulator":{"name":"functions"},"function":{"name":"us-central1-api"},"extension":{},"message":"Finishing up request with event=close"}}
[debug] [2025-03-12T19:26:56.572Z] [work-queue] {"queuedWork":[],"queueLength":0,"runningWork":[],"workRunningCount":0}
[debug] [2025-03-12T19:34:40.731Z] [work-queue] {"queuedWork":["/voltpilot-410ae/us-central1/api/getChargers-2025-03-12T19:34:40.730Z"],"queueLength":1,"runningWork":[],"workRunningCount":0}
[debug] [2025-03-12T19:34:40.731Z] [work-queue] {"queuedWork":[],"queueLength":0,"runningWork":["/voltpilot-410ae/us-central1/api/getChargers-2025-03-12T19:34:40.730Z"],"workRunningCount":1}
[debug] [2025-03-12T19:34:40.731Z] Accepted request POST /voltpilot-410ae/us-central1/api/getChargers --> us-central1-api
[debug] [2025-03-12T19:34:40.731Z] [functions] Runtime ready! Sending request! {"metadata":{"emulator":{"name":"functions"},"message":"[functions] Runtime ready! Sending request!"}}
[debug] [2025-03-12T19:34:40.732Z] [functions] Got req.url=/voltpilot-410ae/us-central1/api/getChargers, mapping to path=/getChargers {"metadata":{"emulator":{"name":"functions"},"message":"[functions] Got req.url=/voltpilot-410ae/us-central1/api/getChargers, mapping to path=/getChargers"}}
[debug] [2025-03-12T19:34:40.732Z] [worker-pool] submitRequest(triggerId=us-central1-api) {"metadata":{"emulator":{"name":"functions"},"message":"[worker-pool] submitRequest(triggerId=us-central1-api)"}}
[info] i  functions: Beginning execution of "us-central1-api" {"metadata":{"emulator":{"name":"functions"},"function":{"name":"us-central1-api"},"extension":{},"message":"Beginning execution of \"us-central1-api\""}}
[debug] [2025-03-12T19:34:40.733Z] [worker-us-central1-api-890daabc-ddb9-4fac-a56a-ea646049d41b]: BUSY {"metadata":{"emulator":{"name":"functions"},"function":{"name":"us-central1-api"},"extension":{},"message":"[worker-us-central1-api-890daabc-ddb9-4fac-a56a-ea646049d41b]: BUSY"}}
[info] >  No se encontraron cargadores. {"user":"No se encontraron cargadores.","metadata":{"emulator":{"name":"functions"},"function":{"name":"us-central1-api"},"extension":{},"message":"\u001b[90m> \u001b[39m No se encontraron cargadores."}}
[debug] [2025-03-12T19:34:41.143Z] Finishing up request with event=pause {"metadata":{"emulator":{"name":"functions"},"function":{"name":"us-central1-api"},"extension":{},"message":"Finishing up request with event=pause"}}
[info] i  functions: Finished "us-central1-api" in 411.013882ms {"metadata":{"emulator":{"name":"functions"},"function":{"name":"us-central1-api"},"extension":{},"message":"Finished \"us-central1-api\" in 411.013882ms"}}
[debug] [2025-03-12T19:34:41.144Z] [worker-us-central1-api-890daabc-ddb9-4fac-a56a-ea646049d41b]: IDLE {"metadata":{"emulator":{"name":"functions"},"function":{"name":"us-central1-api"},"extension":{},"message":"[worker-us-central1-api-890daabc-ddb9-4fac-a56a-ea646049d41b]: IDLE"}}
[debug] [2025-03-12T19:34:41.144Z] Finishing up request with event=finish {"metadata":{"emulator":{"name":"functions"},"function":{"name":"us-central1-api"},"extension":{},"message":"Finishing up request with event=finish"}}
[debug] [2025-03-12T19:34:41.145Z] Finishing up request with event=close {"metadata":{"emulator":{"name":"functions"},"function":{"name":"us-central1-api"},"extension":{},"message":"Finishing up request with event=close"}}
[debug] [2025-03-12T19:34:41.146Z] [work-queue] {"queuedWork":[],"queueLength":0,"runningWork":[],"workRunningCount":0}
[debug] [2025-03-12T19:34:56.183Z] [work-queue] {"queuedWork":["/voltpilot-410ae/us-central1/api/getChargers-2025-03-12T19:34:56.183Z"],"queueLength":1,"runningWork":[],"workRunningCount":0}
[debug] [2025-03-12T19:34:56.186Z] [work-queue] {"queuedWork":[],"queueLength":0,"runningWork":["/voltpilot-410ae/us-central1/api/getChargers-2025-03-12T19:34:56.183Z"],"workRunningCount":1}
[debug] [2025-03-12T19:34:56.187Z] Accepted request POST /voltpilot-410ae/us-central1/api/getChargers --> us-central1-api
[debug] [2025-03-12T19:34:56.187Z] [functions] Runtime ready! Sending request! {"metadata":{"emulator":{"name":"functions"},"message":"[functions] Runtime ready! Sending request!"}}
[debug] [2025-03-12T19:34:56.187Z] [functions] Got req.url=/voltpilot-410ae/us-central1/api/getChargers, mapping to path=/getChargers {"metadata":{"emulator":{"name":"functions"},"message":"[functions] Got req.url=/voltpilot-410ae/us-central1/api/getChargers, mapping to path=/getChargers"}}
[debug] [2025-03-12T19:34:56.188Z] [worker-pool] submitRequest(triggerId=us-central1-api) {"metadata":{"emulator":{"name":"functions"},"message":"[worker-pool] submitRequest(triggerId=us-central1-api)"}}
[info] i  functions: Beginning execution of "us-central1-api" {"metadata":{"emulator":{"name":"functions"},"function":{"name":"us-central1-api"},"extension":{},"message":"Beginning execution of \"us-central1-api\""}}
[debug] [2025-03-12T19:34:56.189Z] [worker-us-central1-api-890daabc-ddb9-4fac-a56a-ea646049d41b]: BUSY {"metadata":{"emulator":{"name":"functions"},"function":{"name":"us-central1-api"},"extension":{},"message":"[worker-us-central1-api-890daabc-ddb9-4fac-a56a-ea646049d41b]: BUSY"}}
[info] >  No se encontraron cargadores. {"user":"No se encontraron cargadores.","metadata":{"emulator":{"name":"functions"},"function":{"name":"us-central1-api"},"extension":{},"message":"\u001b[90m> \u001b[39m No se encontraron cargadores."}}
[debug] [2025-03-12T19:34:56.555Z] Finishing up request with event=pause {"metadata":{"emulator":{"name":"functions"},"function":{"name":"us-central1-api"},"extension":{},"message":"Finishing up request with event=pause"}}
[info] i  functions: Finished "us-central1-api" in 365.585177ms {"metadata":{"emulator":{"name":"functions"},"function":{"name":"us-central1-api"},"extension":{},"message":"Finished \"us-central1-api\" in 365.585177ms"}}
[debug] [2025-03-12T19:34:56.555Z] [worker-us-central1-api-890daabc-ddb9-4fac-a56a-ea646049d41b]: IDLE {"metadata":{"emulator":{"name":"functions"},"function":{"name":"us-central1-api"},"extension":{},"message":"[worker-us-central1-api-890daabc-ddb9-4fac-a56a-ea646049d41b]: IDLE"}}
[debug] [2025-03-12T19:34:56.556Z] Finishing up request with event=finish {"metadata":{"emulator":{"name":"functions"},"function":{"name":"us-central1-api"},"extension":{},"message":"Finishing up request with event=finish"}}
[debug] [2025-03-12T19:34:56.556Z] Finishing up request with event=close {"metadata":{"emulator":{"name":"functions"},"function":{"name":"us-central1-api"},"extension":{},"message":"Finishing up request with event=close"}}
[debug] [2025-03-12T19:34:56.556Z] [work-queue] {"queuedWork":[],"queueLength":0,"runningWork":[],"workRunningCount":0}
[debug] [2025-03-12T19:35:24.646Z] [work-queue] {"queuedWork":["/voltpilot-410ae/us-central1/api/getChargers-2025-03-12T19:35:24.646Z"],"queueLength":1,"runningWork":[],"workRunningCount":0}
[debug] [2025-03-12T19:35:24.647Z] [work-queue] {"queuedWork":[],"queueLength":0,"runningWork":["/voltpilot-410ae/us-central1/api/getChargers-2025-03-12T19:35:24.646Z"],"workRunningCount":1}
[debug] [2025-03-12T19:35:24.647Z] Accepted request POST /voltpilot-410ae/us-central1/api/getChargers --> us-central1-api
[debug] [2025-03-12T19:35:24.647Z] [functions] Runtime ready! Sending request! {"metadata":{"emulator":{"name":"functions"},"message":"[functions] Runtime ready! Sending request!"}}
[debug] [2025-03-12T19:35:24.647Z] [functions] Got req.url=/voltpilot-410ae/us-central1/api/getChargers, mapping to path=/getChargers {"metadata":{"emulator":{"name":"functions"},"message":"[functions] Got req.url=/voltpilot-410ae/us-central1/api/getChargers, mapping to path=/getChargers"}}
[debug] [2025-03-12T19:35:24.647Z] [worker-pool] submitRequest(triggerId=us-central1-api) {"metadata":{"emulator":{"name":"functions"},"message":"[worker-pool] submitRequest(triggerId=us-central1-api)"}}
[info] i  functions: Beginning execution of "us-central1-api" {"metadata":{"emulator":{"name":"functions"},"function":{"name":"us-central1-api"},"extension":{},"message":"Beginning execution of \"us-central1-api\""}}
[debug] [2025-03-12T19:35:24.648Z] [worker-us-central1-api-890daabc-ddb9-4fac-a56a-ea646049d41b]: BUSY {"metadata":{"emulator":{"name":"functions"},"function":{"name":"us-central1-api"},"extension":{},"message":"[worker-us-central1-api-890daabc-ddb9-4fac-a56a-ea646049d41b]: BUSY"}}
[info] >  No se encontraron cargadores. {"user":"No se encontraron cargadores.","metadata":{"emulator":{"name":"functions"},"function":{"name":"us-central1-api"},"extension":{},"message":"\u001b[90m> \u001b[39m No se encontraron cargadores."}}
[debug] [2025-03-12T19:35:25.024Z] Finishing up request with event=pause {"metadata":{"emulator":{"name":"functions"},"function":{"name":"us-central1-api"},"extension":{},"message":"Finishing up request with event=pause"}}
[info] i  functions: Finished "us-central1-api" in 375.982848ms {"metadata":{"emulator":{"name":"functions"},"function":{"name":"us-central1-api"},"extension":{},"message":"Finished \"us-central1-api\" in 375.982848ms"}}
[debug] [2025-03-12T19:35:25.024Z] [worker-us-central1-api-890daabc-ddb9-4fac-a56a-ea646049d41b]: IDLE {"metadata":{"emulator":{"name":"functions"},"function":{"name":"us-central1-api"},"extension":{},"message":"[worker-us-central1-api-890daabc-ddb9-4fac-a56a-ea646049d41b]: IDLE"}}
[debug] [2025-03-12T19:35:25.025Z] Finishing up request with event=finish {"metadata":{"emulator":{"name":"functions"},"function":{"name":"us-central1-api"},"extension":{},"message":"Finishing up request with event=finish"}}
[debug] [2025-03-12T19:35:25.025Z] Finishing up request with event=close {"metadata":{"emulator":{"name":"functions"},"function":{"name":"us-central1-api"},"extension":{},"message":"Finishing up request with event=close"}}
[debug] [2025-03-12T19:35:25.025Z] [work-queue] {"queuedWork":[],"queueLength":0,"runningWork":[],"workRunningCount":0}
[debug] [2025-03-12T19:36:05.764Z] [work-queue] {"queuedWork":["/voltpilot-410ae/us-central1/api/getChargers-2025-03-12T19:36:05.764Z"],"queueLength":1,"runningWork":[],"workRunningCount":0}
[debug] [2025-03-12T19:36:05.764Z] [work-queue] {"queuedWork":[],"queueLength":0,"runningWork":["/voltpilot-410ae/us-central1/api/getChargers-2025-03-12T19:36:05.764Z"],"workRunningCount":1}
[debug] [2025-03-12T19:36:05.764Z] Accepted request POST /voltpilot-410ae/us-central1/api/getChargers --> us-central1-api
[debug] [2025-03-12T19:36:05.764Z] [functions] Runtime ready! Sending request! {"metadata":{"emulator":{"name":"functions"},"message":"[functions] Runtime ready! Sending request!"}}
[debug] [2025-03-12T19:36:05.765Z] [functions] Got req.url=/voltpilot-410ae/us-central1/api/getChargers, mapping to path=/getChargers {"metadata":{"emulator":{"name":"functions"},"message":"[functions] Got req.url=/voltpilot-410ae/us-central1/api/getChargers, mapping to path=/getChargers"}}
[debug] [2025-03-12T19:36:05.765Z] [worker-pool] submitRequest(triggerId=us-central1-api) {"metadata":{"emulator":{"name":"functions"},"message":"[worker-pool] submitRequest(triggerId=us-central1-api)"}}
[info] i  functions: Beginning execution of "us-central1-api" {"metadata":{"emulator":{"name":"functions"},"function":{"name":"us-central1-api"},"extension":{},"message":"Beginning execution of \"us-central1-api\""}}
[debug] [2025-03-12T19:36:05.765Z] [worker-us-central1-api-890daabc-ddb9-4fac-a56a-ea646049d41b]: BUSY {"metadata":{"emulator":{"name":"functions"},"function":{"name":"us-central1-api"},"extension":{},"message":"[worker-us-central1-api-890daabc-ddb9-4fac-a56a-ea646049d41b]: BUSY"}}
[info] >  No se encontraron cargadores. {"user":"No se encontraron cargadores.","metadata":{"emulator":{"name":"functions"},"function":{"name":"us-central1-api"},"extension":{},"message":"\u001b[90m> \u001b[39m No se encontraron cargadores."}}
[debug] [2025-03-12T19:36:06.120Z] Finishing up request with event=pause {"metadata":{"emulator":{"name":"functions"},"function":{"name":"us-central1-api"},"extension":{},"message":"Finishing up request with event=pause"}}
[info] i  functions: Finished "us-central1-api" in 354.508215ms {"metadata":{"emulator":{"name":"functions"},"function":{"name":"us-central1-api"},"extension":{},"message":"Finished \"us-central1-api\" in 354.508215ms"}}
[debug] [2025-03-12T19:36:06.120Z] [worker-us-central1-api-890daabc-ddb9-4fac-a56a-ea646049d41b]: IDLE {"metadata":{"emulator":{"name":"functions"},"function":{"name":"us-central1-api"},"extension":{},"message":"[worker-us-central1-api-890daabc-ddb9-4fac-a56a-ea646049d41b]: IDLE"}}
[debug] [2025-03-12T19:36:06.120Z] Finishing up request with event=finish {"metadata":{"emulator":{"name":"functions"},"function":{"name":"us-central1-api"},"extension":{},"message":"Finishing up request with event=finish"}}
[debug] [2025-03-12T19:36:06.120Z] Finishing up request with event=close {"metadata":{"emulator":{"name":"functions"},"function":{"name":"us-central1-api"},"extension":{},"message":"Finishing up request with event=close"}}
[debug] [2025-03-12T19:36:06.121Z] [work-queue] {"queuedWork":[],"queueLength":0,"runningWork":[],"workRunningCount":0}
[debug] [2025-03-12T19:37:12.701Z] [work-queue] {"queuedWork":["/voltpilot-410ae/us-central1/api/getChargers-2025-03-12T19:37:12.701Z"],"queueLength":1,"runningWork":[],"workRunningCount":0}
[debug] [2025-03-12T19:37:12.703Z] [work-queue] {"queuedWork":[],"queueLength":0,"runningWork":["/voltpilot-410ae/us-central1/api/getChargers-2025-03-12T19:37:12.701Z"],"workRunningCount":1}
[debug] [2025-03-12T19:37:12.703Z] Accepted request POST /voltpilot-410ae/us-central1/api/getChargers --> us-central1-api
[debug] [2025-03-12T19:37:12.703Z] [functions] Runtime ready! Sending request! {"metadata":{"emulator":{"name":"functions"},"message":"[functions] Runtime ready! Sending request!"}}
[debug] [2025-03-12T19:37:12.704Z] [functions] Got req.url=/voltpilot-410ae/us-central1/api/getChargers, mapping to path=/getChargers {"metadata":{"emulator":{"name":"functions"},"message":"[functions] Got req.url=/voltpilot-410ae/us-central1/api/getChargers, mapping to path=/getChargers"}}
[debug] [2025-03-12T19:37:12.705Z] [worker-pool] submitRequest(triggerId=us-central1-api) {"metadata":{"emulator":{"name":"functions"},"message":"[worker-pool] submitRequest(triggerId=us-central1-api)"}}
[info] i  functions: Beginning execution of "us-central1-api" {"metadata":{"emulator":{"name":"functions"},"function":{"name":"us-central1-api"},"extension":{},"message":"Beginning execution of \"us-central1-api\""}}
[debug] [2025-03-12T19:37:12.706Z] [worker-us-central1-api-890daabc-ddb9-4fac-a56a-ea646049d41b]: BUSY {"metadata":{"emulator":{"name":"functions"},"function":{"name":"us-central1-api"},"extension":{},"message":"[worker-us-central1-api-890daabc-ddb9-4fac-a56a-ea646049d41b]: BUSY"}}
[debug] [2025-03-12T19:37:13.157Z] Finishing up request with event=pause {"metadata":{"emulator":{"name":"functions"},"function":{"name":"us-central1-api"},"extension":{},"message":"Finishing up request with event=pause"}}
[info] i  functions: Finished "us-central1-api" in 451.498859ms {"metadata":{"emulator":{"name":"functions"},"function":{"name":"us-central1-api"},"extension":{},"message":"Finished \"us-central1-api\" in 451.498859ms"}}
[debug] [2025-03-12T19:37:13.161Z] [worker-us-central1-api-890daabc-ddb9-4fac-a56a-ea646049d41b]: IDLE {"metadata":{"emulator":{"name":"functions"},"function":{"name":"us-central1-api"},"extension":{},"message":"[worker-us-central1-api-890daabc-ddb9-4fac-a56a-ea646049d41b]: IDLE"}}
[debug] [2025-03-12T19:37:13.162Z] Finishing up request with event=finish {"metadata":{"emulator":{"name":"functions"},"function":{"name":"us-central1-api"},"extension":{},"message":"Finishing up request with event=finish"}}
[debug] [2025-03-12T19:37:13.162Z] Finishing up request with event=close {"metadata":{"emulator":{"name":"functions"},"function":{"name":"us-central1-api"},"extension":{},"message":"Finishing up request with event=close"}}
[debug] [2025-03-12T19:37:13.163Z] [work-queue] {"queuedWork":[],"queueLength":0,"runningWork":[],"workRunningCount":0}
[debug] [2025-03-12T19:39:30.046Z] [work-queue] {"queuedWork":["/voltpilot-410ae/us-central1/api/getChargers-2025-03-12T19:39:30.046Z"],"queueLength":1,"runningWork":[],"workRunningCount":0}
[debug] [2025-03-12T19:39:30.046Z] [work-queue] {"queuedWork":[],"queueLength":0,"runningWork":["/voltpilot-410ae/us-central1/api/getChargers-2025-03-12T19:39:30.046Z"],"workRunningCount":1}
[debug] [2025-03-12T19:39:30.046Z] Accepted request POST /voltpilot-410ae/us-central1/api/getChargers --> us-central1-api
[debug] [2025-03-12T19:39:30.047Z] [functions] Runtime ready! Sending request! {"metadata":{"emulator":{"name":"functions"},"message":"[functions] Runtime ready! Sending request!"}}
[debug] [2025-03-12T19:39:30.047Z] [functions] Got req.url=/voltpilot-410ae/us-central1/api/getChargers, mapping to path=/getChargers {"metadata":{"emulator":{"name":"functions"},"message":"[functions] Got req.url=/voltpilot-410ae/us-central1/api/getChargers, mapping to path=/getChargers"}}
[debug] [2025-03-12T19:39:30.047Z] [worker-pool] submitRequest(triggerId=us-central1-api) {"metadata":{"emulator":{"name":"functions"},"message":"[worker-pool] submitRequest(triggerId=us-central1-api)"}}
[info] i  functions: Beginning execution of "us-central1-api" {"metadata":{"emulator":{"name":"functions"},"function":{"name":"us-central1-api"},"extension":{},"message":"Beginning execution of \"us-central1-api\""}}
[debug] [2025-03-12T19:39:30.048Z] [worker-us-central1-api-890daabc-ddb9-4fac-a56a-ea646049d41b]: BUSY {"metadata":{"emulator":{"name":"functions"},"function":{"name":"us-central1-api"},"extension":{},"message":"[worker-us-central1-api-890daabc-ddb9-4fac-a56a-ea646049d41b]: BUSY"}}
[debug] [2025-03-12T19:39:30.512Z] Finishing up request with event=pause {"metadata":{"emulator":{"name":"functions"},"function":{"name":"us-central1-api"},"extension":{},"message":"Finishing up request with event=pause"}}
[info] i  functions: Finished "us-central1-api" in 464.17352ms {"metadata":{"emulator":{"name":"functions"},"function":{"name":"us-central1-api"},"extension":{},"message":"Finished \"us-central1-api\" in 464.17352ms"}}
[debug] [2025-03-12T19:39:30.513Z] [worker-us-central1-api-890daabc-ddb9-4fac-a56a-ea646049d41b]: IDLE {"metadata":{"emulator":{"name":"functions"},"function":{"name":"us-central1-api"},"extension":{},"message":"[worker-us-central1-api-890daabc-ddb9-4fac-a56a-ea646049d41b]: IDLE"}}
[debug] [2025-03-12T19:39:30.513Z] Finishing up request with event=finish {"metadata":{"emulator":{"name":"functions"},"function":{"name":"us-central1-api"},"extension":{},"message":"Finishing up request with event=finish"}}
[debug] [2025-03-12T19:39:30.513Z] Finishing up request with event=close {"metadata":{"emulator":{"name":"functions"},"function":{"name":"us-central1-api"},"extension":{},"message":"Finishing up request with event=close"}}
[debug] [2025-03-12T19:39:30.513Z] [work-queue] {"queuedWork":[],"queueLength":0,"runningWork":[],"workRunningCount":0}
[debug] [2025-03-12T19:41:55.014Z] [work-queue] {"queuedWork":["/voltpilot-410ae/us-central1/api/getChargers-2025-03-12T19:41:55.014Z"],"queueLength":1,"runningWork":[],"workRunningCount":0}
[debug] [2025-03-12T19:41:55.015Z] [work-queue] {"queuedWork":[],"queueLength":0,"runningWork":["/voltpilot-410ae/us-central1/api/getChargers-2025-03-12T19:41:55.014Z"],"workRunningCount":1}
[debug] [2025-03-12T19:41:55.015Z] Accepted request POST /voltpilot-410ae/us-central1/api/getChargers --> us-central1-api
[debug] [2025-03-12T19:41:55.016Z] [functions] Runtime ready! Sending request! {"metadata":{"emulator":{"name":"functions"},"message":"[functions] Runtime ready! Sending request!"}}
[debug] [2025-03-12T19:41:55.016Z] [functions] Got req.url=/voltpilot-410ae/us-central1/api/getChargers, mapping to path=/getChargers {"metadata":{"emulator":{"name":"functions"},"message":"[functions] Got req.url=/voltpilot-410ae/us-central1/api/getChargers, mapping to path=/getChargers"}}
[debug] [2025-03-12T19:41:55.016Z] [worker-pool] submitRequest(triggerId=us-central1-api) {"metadata":{"emulator":{"name":"functions"},"message":"[worker-pool] submitRequest(triggerId=us-central1-api)"}}
[info] i  functions: Beginning execution of "us-central1-api" {"metadata":{"emulator":{"name":"functions"},"function":{"name":"us-central1-api"},"extension":{},"message":"Beginning execution of \"us-central1-api\""}}
[debug] [2025-03-12T19:41:55.018Z] [worker-us-central1-api-890daabc-ddb9-4fac-a56a-ea646049d41b]: BUSY {"metadata":{"emulator":{"name":"functions"},"function":{"name":"us-central1-api"},"extension":{},"message":"[worker-us-central1-api-890daabc-ddb9-4fac-a56a-ea646049d41b]: BUSY"}}
[debug] [2025-03-12T19:41:55.444Z] Finishing up request with event=pause {"metadata":{"emulator":{"name":"functions"},"function":{"name":"us-central1-api"},"extension":{},"message":"Finishing up request with event=pause"}}
[info] i  functions: Finished "us-central1-api" in 426.418486ms {"metadata":{"emulator":{"name":"functions"},"function":{"name":"us-central1-api"},"extension":{},"message":"Finished \"us-central1-api\" in 426.418486ms"}}
[debug] [2025-03-12T19:41:55.446Z] [worker-us-central1-api-890daabc-ddb9-4fac-a56a-ea646049d41b]: IDLE {"metadata":{"emulator":{"name":"functions"},"function":{"name":"us-central1-api"},"extension":{},"message":"[worker-us-central1-api-890daabc-ddb9-4fac-a56a-ea646049d41b]: IDLE"}}
[debug] [2025-03-12T19:41:55.446Z] Finishing up request with event=finish {"metadata":{"emulator":{"name":"functions"},"function":{"name":"us-central1-api"},"extension":{},"message":"Finishing up request with event=finish"}}
[debug] [2025-03-12T19:41:55.447Z] Finishing up request with event=close {"metadata":{"emulator":{"name":"functions"},"function":{"name":"us-central1-api"},"extension":{},"message":"Finishing up request with event=close"}}
[debug] [2025-03-12T19:41:55.447Z] [work-queue] {"queuedWork":[],"queueLength":0,"runningWork":[],"workRunningCount":0}
[debug] [2025-03-12T19:42:26.292Z] [work-queue] {"queuedWork":["/voltpilot-410ae/us-central1/api/getChargers-2025-03-12T19:42:26.291Z"],"queueLength":1,"runningWork":[],"workRunningCount":0}
[debug] [2025-03-12T19:42:26.292Z] [work-queue] {"queuedWork":[],"queueLength":0,"runningWork":["/voltpilot-410ae/us-central1/api/getChargers-2025-03-12T19:42:26.291Z"],"workRunningCount":1}
[debug] [2025-03-12T19:42:26.292Z] Accepted request POST /voltpilot-410ae/us-central1/api/getChargers --> us-central1-api
[debug] [2025-03-12T19:42:26.292Z] [functions] Runtime ready! Sending request! {"metadata":{"emulator":{"name":"functions"},"message":"[functions] Runtime ready! Sending request!"}}
[debug] [2025-03-12T19:42:26.293Z] [functions] Got req.url=/voltpilot-410ae/us-central1/api/getChargers, mapping to path=/getChargers {"metadata":{"emulator":{"name":"functions"},"message":"[functions] Got req.url=/voltpilot-410ae/us-central1/api/getChargers, mapping to path=/getChargers"}}
[debug] [2025-03-12T19:42:26.293Z] [worker-pool] submitRequest(triggerId=us-central1-api) {"metadata":{"emulator":{"name":"functions"},"message":"[worker-pool] submitRequest(triggerId=us-central1-api)"}}
[info] i  functions: Beginning execution of "us-central1-api" {"metadata":{"emulator":{"name":"functions"},"function":{"name":"us-central1-api"},"extension":{},"message":"Beginning execution of \"us-central1-api\""}}
[debug] [2025-03-12T19:42:26.294Z] [worker-us-central1-api-890daabc-ddb9-4fac-a56a-ea646049d41b]: BUSY {"metadata":{"emulator":{"name":"functions"},"function":{"name":"us-central1-api"},"extension":{},"message":"[worker-us-central1-api-890daabc-ddb9-4fac-a56a-ea646049d41b]: BUSY"}}
[debug] [2025-03-12T19:42:26.725Z] Finishing up request with event=pause {"metadata":{"emulator":{"name":"functions"},"function":{"name":"us-central1-api"},"extension":{},"message":"Finishing up request with event=pause"}}
[info] i  functions: Finished "us-central1-api" in 431.182129ms {"metadata":{"emulator":{"name":"functions"},"function":{"name":"us-central1-api"},"extension":{},"message":"Finished \"us-central1-api\" in 431.182129ms"}}
[debug] [2025-03-12T19:42:26.725Z] [worker-us-central1-api-890daabc-ddb9-4fac-a56a-ea646049d41b]: IDLE {"metadata":{"emulator":{"name":"functions"},"function":{"name":"us-central1-api"},"extension":{},"message":"[worker-us-central1-api-890daabc-ddb9-4fac-a56a-ea646049d41b]: IDLE"}}
[debug] [2025-03-12T19:42:26.726Z] Finishing up request with event=finish {"metadata":{"emulator":{"name":"functions"},"function":{"name":"us-central1-api"},"extension":{},"message":"Finishing up request with event=finish"}}
[debug] [2025-03-12T19:42:26.726Z] Finishing up request with event=close {"metadata":{"emulator":{"name":"functions"},"function":{"name":"us-central1-api"},"extension":{},"message":"Finishing up request with event=close"}}
[debug] [2025-03-12T19:42:26.726Z] [work-queue] {"queuedWork":[],"queueLength":0,"runningWork":[],"workRunningCount":0}
[debug] [2025-03-12T19:45:10.283Z] [work-queue] {"queuedWork":["/voltpilot-410ae/us-central1/api/getChargers-2025-03-12T19:45:10.283Z"],"queueLength":1,"runningWork":[],"workRunningCount":0}
[debug] [2025-03-12T19:45:10.283Z] [work-queue] {"queuedWork":[],"queueLength":0,"runningWork":["/voltpilot-410ae/us-central1/api/getChargers-2025-03-12T19:45:10.283Z"],"workRunningCount":1}
[debug] [2025-03-12T19:45:10.284Z] Accepted request POST /voltpilot-410ae/us-central1/api/getChargers --> us-central1-api
[debug] [2025-03-12T19:45:10.284Z] [functions] Runtime ready! Sending request! {"metadata":{"emulator":{"name":"functions"},"message":"[functions] Runtime ready! Sending request!"}}
[debug] [2025-03-12T19:45:10.284Z] [functions] Got req.url=/voltpilot-410ae/us-central1/api/getChargers, mapping to path=/getChargers {"metadata":{"emulator":{"name":"functions"},"message":"[functions] Got req.url=/voltpilot-410ae/us-central1/api/getChargers, mapping to path=/getChargers"}}
[debug] [2025-03-12T19:45:10.285Z] [worker-pool] submitRequest(triggerId=us-central1-api) {"metadata":{"emulator":{"name":"functions"},"message":"[worker-pool] submitRequest(triggerId=us-central1-api)"}}
[info] i  functions: Beginning execution of "us-central1-api" {"metadata":{"emulator":{"name":"functions"},"function":{"name":"us-central1-api"},"extension":{},"message":"Beginning execution of \"us-central1-api\""}}
[debug] [2025-03-12T19:45:10.285Z] [worker-us-central1-api-890daabc-ddb9-4fac-a56a-ea646049d41b]: BUSY {"metadata":{"emulator":{"name":"functions"},"function":{"name":"us-central1-api"},"extension":{},"message":"[worker-us-central1-api-890daabc-ddb9-4fac-a56a-ea646049d41b]: BUSY"}}
[debug] [2025-03-12T19:45:10.726Z] Finishing up request with event=pause {"metadata":{"emulator":{"name":"functions"},"function":{"name":"us-central1-api"},"extension":{},"message":"Finishing up request with event=pause"}}
[info] i  functions: Finished "us-central1-api" in 441.220048ms {"metadata":{"emulator":{"name":"functions"},"function":{"name":"us-central1-api"},"extension":{},"message":"Finished \"us-central1-api\" in 441.220048ms"}}
[debug] [2025-03-12T19:45:10.727Z] [worker-us-central1-api-890daabc-ddb9-4fac-a56a-ea646049d41b]: IDLE {"metadata":{"emulator":{"name":"functions"},"function":{"name":"us-central1-api"},"extension":{},"message":"[worker-us-central1-api-890daabc-ddb9-4fac-a56a-ea646049d41b]: IDLE"}}
[debug] [2025-03-12T19:45:10.727Z] Finishing up request with event=finish {"metadata":{"emulator":{"name":"functions"},"function":{"name":"us-central1-api"},"extension":{},"message":"Finishing up request with event=finish"}}
[debug] [2025-03-12T19:45:10.728Z] Finishing up request with event=close {"metadata":{"emulator":{"name":"functions"},"function":{"name":"us-central1-api"},"extension":{},"message":"Finishing up request with event=close"}}
[debug] [2025-03-12T19:45:10.728Z] [work-queue] {"queuedWork":[],"queueLength":0,"runningWork":[],"workRunningCount":0}
[debug] [2025-03-12T19:50:27.609Z] [work-queue] {"queuedWork":["/voltpilot-410ae/us-central1/api/getChargers-2025-03-12T19:50:27.609Z"],"queueLength":1,"runningWork":[],"workRunningCount":0}
[debug] [2025-03-12T19:50:27.610Z] [work-queue] {"queuedWork":[],"queueLength":0,"runningWork":["/voltpilot-410ae/us-central1/api/getChargers-2025-03-12T19:50:27.609Z"],"workRunningCount":1}
[debug] [2025-03-12T19:50:27.610Z] Accepted request POST /voltpilot-410ae/us-central1/api/getChargers --> us-central1-api
[debug] [2025-03-12T19:50:27.610Z] [functions] Runtime ready! Sending request! {"metadata":{"emulator":{"name":"functions"},"message":"[functions] Runtime ready! Sending request!"}}
[debug] [2025-03-12T19:50:27.611Z] [functions] Got req.url=/voltpilot-410ae/us-central1/api/getChargers, mapping to path=/getChargers {"metadata":{"emulator":{"name":"functions"},"message":"[functions] Got req.url=/voltpilot-410ae/us-central1/api/getChargers, mapping to path=/getChargers"}}
[debug] [2025-03-12T19:50:27.611Z] [worker-pool] submitRequest(triggerId=us-central1-api) {"metadata":{"emulator":{"name":"functions"},"message":"[worker-pool] submitRequest(triggerId=us-central1-api)"}}
[info] i  functions: Beginning execution of "us-central1-api" {"metadata":{"emulator":{"name":"functions"},"function":{"name":"us-central1-api"},"extension":{},"message":"Beginning execution of \"us-central1-api\""}}
[debug] [2025-03-12T19:50:27.613Z] [worker-us-central1-api-890daabc-ddb9-4fac-a56a-ea646049d41b]: BUSY {"metadata":{"emulator":{"name":"functions"},"function":{"name":"us-central1-api"},"extension":{},"message":"[worker-us-central1-api-890daabc-ddb9-4fac-a56a-ea646049d41b]: BUSY"}}
[debug] [2025-03-12T19:50:28.048Z] Finishing up request with event=pause {"metadata":{"emulator":{"name":"functions"},"function":{"name":"us-central1-api"},"extension":{},"message":"Finishing up request with event=pause"}}
[info] i  functions: Finished "us-central1-api" in 435.739978ms {"metadata":{"emulator":{"name":"functions"},"function":{"name":"us-central1-api"},"extension":{},"message":"Finished \"us-central1-api\" in 435.739978ms"}}
[debug] [2025-03-12T19:50:28.049Z] [worker-us-central1-api-890daabc-ddb9-4fac-a56a-ea646049d41b]: IDLE {"metadata":{"emulator":{"name":"functions"},"function":{"name":"us-central1-api"},"extension":{},"message":"[worker-us-central1-api-890daabc-ddb9-4fac-a56a-ea646049d41b]: IDLE"}}
[debug] [2025-03-12T19:50:28.049Z] Finishing up request with event=finish {"metadata":{"emulator":{"name":"functions"},"function":{"name":"us-central1-api"},"extension":{},"message":"Finishing up request with event=finish"}}
[debug] [2025-03-12T19:50:28.049Z] Finishing up request with event=close {"metadata":{"emulator":{"name":"functions"},"function":{"name":"us-central1-api"},"extension":{},"message":"Finishing up request with event=close"}}
[debug] [2025-03-12T19:50:28.049Z] [work-queue] {"queuedWork":[],"queueLength":0,"runningWork":[],"workRunningCount":0}
[debug] [2025-03-12T19:57:20.945Z] [work-queue] {"queuedWork":["/voltpilot-410ae/us-central1/api/getChargers-2025-03-12T19:57:20.945Z"],"queueLength":1,"runningWork":[],"workRunningCount":0}
[debug] [2025-03-12T19:57:20.946Z] [work-queue] {"queuedWork":[],"queueLength":0,"runningWork":["/voltpilot-410ae/us-central1/api/getChargers-2025-03-12T19:57:20.945Z"],"workRunningCount":1}
[debug] [2025-03-12T19:57:20.946Z] Accepted request POST /voltpilot-410ae/us-central1/api/getChargers --> us-central1-api
[debug] [2025-03-12T19:57:20.947Z] [functions] Runtime ready! Sending request! {"metadata":{"emulator":{"name":"functions"},"message":"[functions] Runtime ready! Sending request!"}}
[debug] [2025-03-12T19:57:20.947Z] [functions] Got req.url=/voltpilot-410ae/us-central1/api/getChargers, mapping to path=/getChargers {"metadata":{"emulator":{"name":"functions"},"message":"[functions] Got req.url=/voltpilot-410ae/us-central1/api/getChargers, mapping to path=/getChargers"}}
[debug] [2025-03-12T19:57:20.947Z] [worker-pool] submitRequest(triggerId=us-central1-api) {"metadata":{"emulator":{"name":"functions"},"message":"[worker-pool] submitRequest(triggerId=us-central1-api)"}}
[info] i  functions: Beginning execution of "us-central1-api" {"metadata":{"emulator":{"name":"functions"},"function":{"name":"us-central1-api"},"extension":{},"message":"Beginning execution of \"us-central1-api\""}}
[debug] [2025-03-12T19:57:20.948Z] [worker-us-central1-api-890daabc-ddb9-4fac-a56a-ea646049d41b]: BUSY {"metadata":{"emulator":{"name":"functions"},"function":{"name":"us-central1-api"},"extension":{},"message":"[worker-us-central1-api-890daabc-ddb9-4fac-a56a-ea646049d41b]: BUSY"}}
[debug] [2025-03-12T19:57:21.372Z] Finishing up request with event=pause {"metadata":{"emulator":{"name":"functions"},"function":{"name":"us-central1-api"},"extension":{},"message":"Finishing up request with event=pause"}}
[info] i  functions: Finished "us-central1-api" in 424.629808ms {"metadata":{"emulator":{"name":"functions"},"function":{"name":"us-central1-api"},"extension":{},"message":"Finished \"us-central1-api\" in 424.629808ms"}}
[debug] [2025-03-12T19:57:21.373Z] [worker-us-central1-api-890daabc-ddb9-4fac-a56a-ea646049d41b]: IDLE {"metadata":{"emulator":{"name":"functions"},"function":{"name":"us-central1-api"},"extension":{},"message":"[worker-us-central1-api-890daabc-ddb9-4fac-a56a-ea646049d41b]: IDLE"}}
[debug] [2025-03-12T19:57:21.373Z] Finishing up request with event=finish {"metadata":{"emulator":{"name":"functions"},"function":{"name":"us-central1-api"},"extension":{},"message":"Finishing up request with event=finish"}}
[debug] [2025-03-12T19:57:21.374Z] Finishing up request with event=close {"metadata":{"emulator":{"name":"functions"},"function":{"name":"us-central1-api"},"extension":{},"message":"Finishing up request with event=close"}}
[debug] [2025-03-12T19:57:21.374Z] [work-queue] {"queuedWork":[],"queueLength":0,"runningWork":[],"workRunningCount":0}
